<?xml version="1.0" encoding="UTF-8"?>
<!-- Generated by org.testng.reporters.JUnitXMLReporter -->
<testsuite hostname="DESKTOP-BBSVORR" failures="0" tests="1" name="TestNgMavenTest" time="63.162" errors="0" timestamp="16 Aug 2019 11:55:50 GMT">
  <testcase classname="com.epsilon.testCases.ExecutableTest" name="@AfterTest afterTest" time="0.0">
    <failure type="java.lang.NullPointerException">
      <![CDATA[java.lang.NullPointerException
	at com.epsilon.DBUtils.DBConfiguration.closeDB(DBConfiguration.java:52)
	at com.epsilon.configuration.Global.afterTest(Global.java:48)
	at com.epsilon.MainRun.mainFile.runTestNgXML(mainFile.java:32)
	at com.epsilon.MainRun.mainFile.main(mainFile.java:16)
... Removed 19 stack frames]]>
    </failure>
  </testcase> <!-- @AfterTest afterTest -->
  <testcase classname="com.epsilon.testCases.ExecutableTest" name="LoginAndSearchProfile" time="56.249"/>
</testsuite> <!-- TestNgMavenTest -->
